2023.10.21 17:32:12 INFO  Started: Metals version 1.1.0 in folders 'D:\Software-Engineering\madn-webapp' for client Visual Studio Code 1.83.1.
2023.10.21 17:32:12 INFO  time: initialize in 0.11s
2023.10.21 17:32:17 ERROR Unexpected error initializing server: 
scala.concurrent.Future$$anon$2: Future.filter predicate is not satisfied

2023.10.21 17:39:47 INFO  no build target found for D:\Software-Engineering\madn-webapp\app\controllers\HomeController.scala. Using presentation compiler with project's scala-library version: 3.3.1
Okt. 21, 2023 5:39:47 PM org.eclipse.lsp4j.jsonrpc.RemoteEndpoint handleCancellation
WARNUNG: Unmatched cancel notification for request id 14
Okt. 21, 2023 5:40:26 PM org.eclipse.lsp4j.jsonrpc.RemoteEndpoint handleCancellation
WARNUNG: Unmatched cancel notification for request id 107
Okt. 21, 2023 5:40:26 PM org.eclipse.lsp4j.jsonrpc.RemoteEndpoint handleCancellation
WARNUNG: Unmatched cancel notification for request id 115
2023.10.21 17:40:47 WARN  no build target for: D:\Software-Engineering\madn-webapp\app\controllers\HomeController.scala
2023.10.21 17:41:31 WARN  no build target for: D:\Software-Engineering\madn-webapp\build.sbt
Exception in thread "pool-3-thread-1" java.lang.InterruptedException
	at scala.meta.internal.metals.FutureCancelToken.checkCanceled(FutureCancelToken.scala:29)
	at scala.meta.internal.pc.CompilerAccess.onCompilerJobQueue$$anonfun$1(CompilerAccess.scala:230)
	at scala.meta.internal.pc.CompilerJobQueue$Job.run(CompilerJobQueue.scala:152)
	at java.base/java.util.concurrent.ThreadPoolExecutor.runWorker(ThreadPoolExecutor.java:1136)
	at java.base/java.util.concurrent.ThreadPoolExecutor$Worker.run(ThreadPoolExecutor.java:635)
	at java.base/java.lang.Thread.run(Thread.java:833)
2023.10.21 17:42:57 WARN  no build target for: D:\Software-Engineering\madn-webapp\app\controllers\HomeController.scala
2023.10.21 17:44:05 ERROR Failed to tokenize input for semantic tokens for D:\Software-Engineering\madn-webapp\build.sbt
scala.meta.tokenizers.TokenizeException: <input>:11: error: unclosed character literal
libraryDependencies +=''
                      ^
	at scala.meta.internal.tokenizers.Reporter.syntaxError(Reporter.scala:23)
	at scala.meta.internal.tokenizers.Reporter.syntaxError$(Reporter.scala:23)
	at scala.meta.internal.tokenizers.Reporter$$anon$1.syntaxError(Reporter.scala:33)
	at scala.meta.internal.tokenizers.Reporter.syntaxError(Reporter.scala:25)
	at scala.meta.internal.tokenizers.Reporter.syntaxError$(Reporter.scala:25)
	at scala.meta.internal.tokenizers.Reporter$$anon$1.syntaxError(Reporter.scala:33)
	at scala.meta.internal.tokenizers.LegacyScanner.fetchSingleQuote$1(LegacyScanner.scala:407)
	at scala.meta.internal.tokenizers.LegacyScanner.fetchToken(LegacyScanner.scala:412)
	at scala.meta.internal.tokenizers.LegacyScanner.nextToken(LegacyScanner.scala:211)
	at scala.meta.internal.tokenizers.LegacyScanner.foreach(LegacyScanner.scala:1011)
	at scala.meta.internal.tokenizers.ScalametaTokenizer.uncachedTokenize(ScalametaTokenizer.scala:24)
	at scala.meta.internal.tokenizers.ScalametaTokenizer.$anonfun$tokenize$1(ScalametaTokenizer.scala:17)
	at scala.collection.concurrent.TrieMap.getOrElseUpdate(TrieMap.scala:962)
	at scala.meta.internal.tokenizers.ScalametaTokenizer.tokenize(ScalametaTokenizer.scala:17)
	at scala.meta.internal.tokenizers.ScalametaTokenizer$$anon$2.apply(ScalametaTokenizer.scala:332)
	at scala.meta.tokenizers.Api$XtensionTokenizeDialectInput.tokenize(Api.scala:25)
	at scala.meta.tokenizers.Api$XtensionTokenizeInputLike.tokenize(Api.scala:14)
	at scala.meta.internal.metals.SemanticTokensProvider$.getTokens(SemanticTokensProvider.scala:28)
	at scala.meta.internal.metals.SemanticTokensProvider$.provide(SemanticTokensProvider.scala:89)
	at scala.meta.internal.metals.Compilers.$anonfun$semanticTokens$3(Compilers.scala:539)
	at scala.concurrent.impl.Promise$Transformation.run(Promise.scala:467)
	at java.util.concurrent.ThreadPoolExecutor.runWorker(ThreadPoolExecutor.java:1136)
	at java.util.concurrent.ThreadPoolExecutor$Worker.run(ThreadPoolExecutor.java:635)
	at java.lang.Thread.run(Thread.java:833)

Okt. 21, 2023 5:44:19 PM org.eclipse.lsp4j.jsonrpc.RemoteEndpoint handleCancellation
WARNUNG: Unmatched cancel notification for request id 291
2023.10.21 17:44:28 WARN  no build target for: D:\Software-Engineering\madn-webapp\build.sbt
2023.10.21 17:44:37 WARN  no build target for: D:\Software-Engineering\madn-webapp\build.sbt
2023.10.21 17:45:48 WARN  no build target for: D:\Software-Engineering\madn-webapp\app\controllers\HomeController.scala
2023.10.21 17:45:50 WARN  no build target for: D:\Software-Engineering\madn-webapp\app\controllers\HomeController.scala
2023.10.21 17:45:58 WARN  no build target for: D:\Software-Engineering\madn-webapp\app\controllers\HomeController.scala
2023.10.21 17:46:01 WARN  no build target for: D:\Software-Engineering\madn-webapp\app\controllers\HomeController.scala
2023.10.21 17:46:05 WARN  no build target for: D:\Software-Engineering\madn-webapp\app\controllers\HomeController.scala
2023.10.21 17:46:06 WARN  no build target for: D:\Software-Engineering\madn-webapp\app\controllers\HomeController.scala
2023.10.21 17:47:40 WARN  no build target for: D:\Software-Engineering\madn-webapp\app\controllers\HomeController.scala
2023.10.21 18:07:51 INFO  Shutting down server
2023.10.21 18:07:51 INFO  shutting down Metals
2023.10.21 18:07:51 INFO  Exiting server
2023.10.23 15:00:19 INFO  Started: Metals version 1.1.0 in folders 'D:\Software-Engineering\madn-webapp' for client Visual Studio Code 1.83.1.
2023.10.23 15:00:23 ERROR Unexpected error initializing server: 
scala.concurrent.Future$$anon$2: Future.filter predicate is not satisfied

2023.10.23 15:00:30 INFO  no build target found for D:\Software-Engineering\madn-webapp\app\controllers\HomeController.scala. Using presentation compiler with project's scala-library version: 3.3.1
2023.10.23 15:00:43 INFO  running 'C:\Program Files\Java\jdk-17.0.7+7\bin\java.exe -Djline.terminal=jline.UnsupportedTerminal -Dsbt.log.noformat=true -Dfile.encoding=UTF-8 -jar C:\Users\Can\AppData\Local\Temp\metals12067101074667733103\sbt-launch.jar -Dbloop.export-jar-classifiers=sources bloopInstall'
2023.10.23 15:00:46 INFO  sbt thinks that server is already booting because of this exception:
2023.10.23 15:00:46 ERROR sbt.internal.ServerAlreadyBootingException: java.io.IOException: Could not create lock for \\.\pipe\sbt-load6954980751619307918_lock, error 5
2023.10.23 15:00:46 ERROR 	at sbt.internal.BootServerSocket.newSocket(BootServerSocket.java:357)
2023.10.23 15:00:46 ERROR 	at sbt.internal.BootServerSocket.<init>(BootServerSocket.java:296)
2023.10.23 15:00:46 ERROR 	at sbt.xMain$.getSocketOrExit(Main.scala:152)
2023.10.23 15:00:46 ERROR 	at sbt.xMain$.bootServerSocket$lzycompute$1(Main.scala:78)
2023.10.23 15:00:46 ERROR 	at sbt.xMain$.bootServerSocket$1(Main.scala:78)
2023.10.23 15:00:46 ERROR 	at sbt.xMain$.withStreams$1(Main.scala:86)
2023.10.23 15:00:46 ERROR 	at sbt.xMain$.run(Main.scala:123)
2023.10.23 15:00:46 ERROR 	at java.base/jdk.internal.reflect.NativeMethodAccessorImpl.invoke0(Native Method)
2023.10.23 15:00:46 ERROR 	at java.base/jdk.internal.reflect.NativeMethodAccessorImpl.invoke(NativeMethodAccessorImpl.java:77)
2023.10.23 15:00:46 ERROR 	at java.base/jdk.internal.reflect.DelegatingMethodAccessorImpl.invoke(DelegatingMethodAccessorImpl.java:43)
2023.10.23 15:00:46 ERROR 	at java.base/java.lang.reflect.Method.invoke(Method.java:568)
2023.10.23 15:00:46 ERROR 	at sbt.internal.XMainConfiguration.run(XMainConfiguration.java:59)
2023.10.23 15:00:46 ERROR 	at sbt.xMain.run(Main.scala:47)
2023.10.23 15:00:46 ERROR 	at xsbt.boot.Launch$.$anonfun$run$1(Launch.scala:149)
2023.10.23 15:00:46 ERROR 	at xsbt.boot.Launch$.withContextLoader(Launch.scala:176)
2023.10.23 15:00:46 ERROR 	at xsbt.boot.Launch$.run(Launch.scala:149)
2023.10.23 15:00:46 ERROR 	at xsbt.boot.Launch$.$anonfun$apply$1(Launch.scala:44)
2023.10.23 15:00:46 ERROR 	at xsbt.boot.Launch$.launch(Launch.scala:159)
2023.10.23 15:00:46 ERROR 	at xsbt.boot.Launch$.apply(Launch.scala:44)
2023.10.23 15:00:46 ERROR 	at xsbt.boot.Launch$.apply(Launch.scala:21)
2023.10.23 15:00:46 ERROR 	at xsbt.boot.Boot$.runImpl(Boot.scala:78)
2023.10.23 15:00:46 ERROR 	at xsbt.boot.Boot$.run(Boot.scala:73)
2023.10.23 15:00:46 ERROR 	at xsbt.boot.Boot$.main(Boot.scala:21)
2023.10.23 15:00:46 ERROR 	at xsbt.boot.Boot.main(Boot.scala)
2023.10.23 15:00:46 ERROR Caused by: java.io.IOException: Could not create lock for \\.\pipe\sbt-load6954980751619307918_lock, error 5
2023.10.23 15:00:46 ERROR 	at org.scalasbt.ipcsocket.Win32NamedPipeServerSocket.<init>(Win32NamedPipeServerSocket.java:129)
2023.10.23 15:00:46 ERROR 	at org.scalasbt.ipcsocket.Win32NamedPipeServerSocket.<init>(Win32NamedPipeServerSocket.java:48)
2023.10.23 15:00:46 ERROR 	at sbt.internal.BootServerSocket.newSocket(BootServerSocket.java:351)
2023.10.23 15:00:46 ERROR 	... 23 more
2023.10.23 15:00:46 INFO  time: ran 'sbt bloopInstall' in 3.3s
2023.10.23 15:00:46 ERROR sbt command failed: C:\Program Files\Java\jdk-17.0.7+7\bin\java.exe -Djline.terminal=jline.UnsupportedTerminal -Dsbt.log.noformat=true -Dfile.encoding=UTF-8 -jar C:\Users\Can\AppData\Local\Temp\metals12067101074667733103\sbt-launch.jar -Dbloop.export-jar-classifiers=sources bloopInstall
2023.10.23 15:01:48 WARN  no build target for: D:\Software-Engineering\madn-webapp\build.sbt
2023.10.23 15:01:55 INFO  running 'C:\Program Files\Java\jdk-17.0.7+7\bin\java.exe -Djline.terminal=jline.UnsupportedTerminal -Dsbt.log.noformat=true -Dfile.encoding=UTF-8 -jar C:\Users\Can\AppData\Local\Temp\metals4580557067149956983\sbt-launch.jar -Dbloop.export-jar-classifiers=sources bloopInstall'
2023.10.23 15:01:58 INFO  sbt thinks that server is already booting because of this exception:
2023.10.23 15:01:58 ERROR sbt.internal.ServerAlreadyBootingException: java.io.IOException: Could not create lock for \\.\pipe\sbt-load6954980751619307918_lock, error 5
2023.10.23 15:01:58 ERROR 	at sbt.internal.BootServerSocket.newSocket(BootServerSocket.java:357)
2023.10.23 15:01:58 ERROR 	at sbt.internal.BootServerSocket.<init>(BootServerSocket.java:296)
2023.10.23 15:01:58 ERROR 	at sbt.xMain$.getSocketOrExit(Main.scala:152)
2023.10.23 15:01:58 ERROR 	at sbt.xMain$.bootServerSocket$lzycompute$1(Main.scala:78)
2023.10.23 15:01:58 ERROR 	at sbt.xMain$.bootServerSocket$1(Main.scala:78)
2023.10.23 15:01:58 ERROR 	at sbt.xMain$.withStreams$1(Main.scala:86)
2023.10.23 15:01:58 ERROR 	at sbt.xMain$.run(Main.scala:123)
2023.10.23 15:01:58 ERROR 	at java.base/jdk.internal.reflect.NativeMethodAccessorImpl.invoke0(Native Method)
2023.10.23 15:01:58 ERROR 	at java.base/jdk.internal.reflect.NativeMethodAccessorImpl.invoke(NativeMethodAccessorImpl.java:77)
2023.10.23 15:01:58 ERROR 	at java.base/jdk.internal.reflect.DelegatingMethodAccessorImpl.invoke(DelegatingMethodAccessorImpl.java:43)
2023.10.23 15:01:58 ERROR 	at java.base/java.lang.reflect.Method.invoke(Method.java:568)
2023.10.23 15:01:58 ERROR 	at sbt.internal.XMainConfiguration.run(XMainConfiguration.java:59)
2023.10.23 15:01:58 ERROR 	at sbt.xMain.run(Main.scala:47)
2023.10.23 15:01:58 ERROR 	at xsbt.boot.Launch$.$anonfun$run$1(Launch.scala:149)
2023.10.23 15:01:58 ERROR 	at xsbt.boot.Launch$.withContextLoader(Launch.scala:176)
2023.10.23 15:01:58 ERROR 	at xsbt.boot.Launch$.run(Launch.scala:149)
2023.10.23 15:01:58 ERROR 	at xsbt.boot.Launch$.$anonfun$apply$1(Launch.scala:44)
2023.10.23 15:01:58 ERROR 	at xsbt.boot.Launch$.launch(Launch.scala:159)
2023.10.23 15:01:58 ERROR 	at xsbt.boot.Launch$.apply(Launch.scala:44)
2023.10.23 15:01:58 ERROR 	at xsbt.boot.Launch$.apply(Launch.scala:21)
2023.10.23 15:01:58 ERROR 	at xsbt.boot.Boot$.runImpl(Boot.scala:78)
2023.10.23 15:01:58 ERROR 	at xsbt.boot.Boot$.run(Boot.scala:73)
2023.10.23 15:01:58 ERROR 	at xsbt.boot.Boot$.main(Boot.scala:21)
2023.10.23 15:01:58 ERROR 	at xsbt.boot.Boot.main(Boot.scala)
2023.10.23 15:01:58 ERROR Caused by: java.io.IOException: Could not create lock for \\.\pipe\sbt-load6954980751619307918_lock, error 5
2023.10.23 15:01:58 ERROR 	at org.scalasbt.ipcsocket.Win32NamedPipeServerSocket.<init>(Win32NamedPipeServerSocket.java:129)
2023.10.23 15:01:58 ERROR 	at org.scalasbt.ipcsocket.Win32NamedPipeServerSocket.<init>(Win32NamedPipeServerSocket.java:48)
2023.10.23 15:01:58 ERROR 	at sbt.internal.BootServerSocket.newSocket(BootServerSocket.java:351)
2023.10.23 15:01:58 ERROR 	... 23 more
2023.10.23 15:01:58 INFO  time: ran 'sbt bloopInstall' in 3.52s
2023.10.23 15:01:58 ERROR sbt command failed: C:\Program Files\Java\jdk-17.0.7+7\bin\java.exe -Djline.terminal=jline.UnsupportedTerminal -Dsbt.log.noformat=true -Dfile.encoding=UTF-8 -jar C:\Users\Can\AppData\Local\Temp\metals4580557067149956983\sbt-launch.jar -Dbloop.export-jar-classifiers=sources bloopInstall
2023.10.23 15:02:49 WARN  no build target for: D:\Software-Engineering\madn-webapp\build.sbt
2023.10.23 15:05:15 WARN  no build target for: D:\Software-Engineering\madn-webapp\app\controllers\HomeController.scala
2023.10.23 15:05:15 INFO  Shutting down server
2023.10.23 15:05:15 INFO  shutting down Metals
2023.10.23 15:05:15 INFO  Exiting server
2023.10.23 15:05:47 INFO  Started: Metals version 1.1.0 in folders 'D:\Software-Engineering\madn-webapp' for client Visual Studio Code 1.83.1.
2023.10.23 15:05:47 INFO  time: initialize in 0.12s
2023.10.23 15:05:51 WARN  Build server is not auto-connectable.
2023.10.23 15:05:51 WARN  no build target for: D:\Software-Engineering\madn-webapp\app\controllers\HomeController.scala
2023.10.23 15:05:58 INFO  no build target found for D:\Software-Engineering\madn-webapp\app\controllers\HomeController.scala. Using presentation compiler with project's scala-library version: 3.3.1
2023.10.23 15:06:02 INFO  time: code lens generation in 11s
2023.10.23 15:06:52 WARN  no build target for: D:\Software-Engineering\madn-webapp\app\controllers\HomeController.scala
2023.10.23 15:06:55 WARN  no build target for: D:\Software-Engineering\madn-webapp\build.sbt
2023.10.23 15:06:58 WARN  no build target for: D:\Software-Engineering\madn-webapp\build.sbt
2023.10.23 15:06:59 WARN  no build target for: D:\Software-Engineering\madn-webapp\build.sbt
2023.10.23 15:07:09 WARN  no build target for: D:\Software-Engineering\madn-webapp\build.sbt
2023.10.23 15:07:17 WARN  no build target for: D:\Software-Engineering\madn-webapp\build.sbt
2023.10.23 15:08:00 WARN  no build target for: D:\Software-Engineering\madn-webapp\build.sbt
2023.10.23 15:08:12 WARN  no build target for: D:\Software-Engineering\madn-webapp\build.sbt
Okt. 23, 2023 3:08:31 PM org.eclipse.lsp4j.jsonrpc.RemoteEndpoint handleCancellation
WARNUNG: Unmatched cancel notification for request id 137
Okt. 23, 2023 3:08:40 PM org.eclipse.lsp4j.jsonrpc.RemoteEndpoint handleCancellation
WARNUNG: Unmatched cancel notification for request id 177
2023.10.23 15:08:49 INFO  skipping build import with status 'Dismissed'
2023.10.23 15:08:51 WARN  no build target for: D:\Software-Engineering\madn-webapp\app\controllers\HomeController.scala
2023.10.23 15:09:18 WARN  no build target for: D:\Software-Engineering\madn-webapp\app\controllers\HomeController.scala
2023.10.23 15:15:09 WARN  no build target for: D:\Software-Engineering\madn-webapp\app\controllers\HomeController.scala
2023.10.23 15:15:17 WARN  no build target for: D:\Software-Engineering\madn-webapp\app\controllers\HomeController.scala
2023.10.23 15:15:22 WARN  no build target for: D:\Software-Engineering\madn-webapp\app\controllers\HomeController.scala
2023.10.23 15:15:22 WARN  no build target for: D:\Software-Engineering\madn-webapp\app\controllers\HomeController.scala
2023.10.23 15:15:37 WARN  no build target for: D:\Software-Engineering\madn-webapp\app\controllers\HomeController.scala
2023.10.23 16:02:21 WARN  no build target for: D:\Software-Engineering\madn-webapp\app\controllers\HomeController.scala
2023.10.23 16:02:29 WARN  no build target for: D:\Software-Engineering\madn-webapp\app\controllers\HomeController.scala
2023.10.23 16:02:29 WARN  no build target for: D:\Software-Engineering\madn-webapp\app\controllers\HomeController.scala
Okt. 23, 2023 4:03:38 PM org.eclipse.lsp4j.jsonrpc.RemoteEndpoint handleCancellation
WARNUNG: Unmatched cancel notification for request id 518
2023.10.23 16:03:39 WARN  no build target for: D:\Software-Engineering\madn-webapp\app\controllers\HomeController.scala
Okt. 23, 2023 4:05:50 PM org.eclipse.lsp4j.jsonrpc.RemoteEndpoint handleCancellation
WARNUNG: Unmatched cancel notification for request id 546
2023.10.23 16:05:54 WARN  no build target for: D:\Software-Engineering\madn-webapp\app\controllers\HomeController.scala
2023.10.23 16:06:09 WARN  no build target for: D:\Software-Engineering\madn-webapp\app\controllers\HomeController.scala
2023.10.23 16:06:10 INFO  time: code lens generation in 1.15s
2023.10.23 16:09:52 WARN  no build target for: D:\Software-Engineering\madn-webapp\app\controllers\HomeController.scala
2023.10.23 16:10:33 WARN  no build target for: D:\Software-Engineering\madn-webapp\app\controllers\HomeController.scala
2023.10.23 16:15:59 WARN  no build target for: D:\Software-Engineering\madn-webapp\app\controllers\HomeController.scala
2023.10.23 16:16:11 ERROR Failed to tokenize input for semantic tokens for D:\Software-Engineering\madn-webapp\app\controllers\HomeController.scala
scala.meta.tokenizers.TokenizeException: <input>:17: error: illegal character '\u00b4'
  ´´
  ^
	at scala.meta.internal.tokenizers.Reporter.syntaxError(Reporter.scala:23)
	at scala.meta.internal.tokenizers.Reporter.syntaxError$(Reporter.scala:23)
	at scala.meta.internal.tokenizers.Reporter$$anon$1.syntaxError(Reporter.scala:33)
	at scala.meta.internal.tokenizers.Reporter.syntaxError(Reporter.scala:25)
	at scala.meta.internal.tokenizers.Reporter.syntaxError$(Reporter.scala:25)
	at scala.meta.internal.tokenizers.Reporter$$anon$1.syntaxError(Reporter.scala:33)
	at scala.meta.internal.tokenizers.LegacyScanner.fetchOther$1(LegacyScanner.scala:469)
	at scala.meta.internal.tokenizers.LegacyScanner.fetchToken(LegacyScanner.scala:474)
	at scala.meta.internal.tokenizers.LegacyScanner.nextToken(LegacyScanner.scala:211)
	at scala.meta.internal.tokenizers.LegacyScanner.foreach(LegacyScanner.scala:1011)
	at scala.meta.internal.tokenizers.ScalametaTokenizer.uncachedTokenize(ScalametaTokenizer.scala:24)
	at scala.meta.internal.tokenizers.ScalametaTokenizer.$anonfun$tokenize$1(ScalametaTokenizer.scala:17)
	at scala.collection.concurrent.TrieMap.getOrElseUpdate(TrieMap.scala:962)
	at scala.meta.internal.tokenizers.ScalametaTokenizer.tokenize(ScalametaTokenizer.scala:17)
	at scala.meta.internal.tokenizers.ScalametaTokenizer$$anon$2.apply(ScalametaTokenizer.scala:332)
	at scala.meta.tokenizers.Api$XtensionTokenizeDialectInput.tokenize(Api.scala:25)
	at scala.meta.tokenizers.Api$XtensionTokenizeInputLike.tokenize(Api.scala:14)
	at scala.meta.internal.metals.SemanticTokensProvider$.getTokens(SemanticTokensProvider.scala:28)
	at scala.meta.internal.metals.SemanticTokensProvider$.provide(SemanticTokensProvider.scala:89)
	at scala.meta.internal.metals.Compilers.$anonfun$semanticTokens$3(Compilers.scala:539)
	at scala.concurrent.impl.Promise$Transformation.run(Promise.scala:467)
	at java.util.concurrent.ThreadPoolExecutor.runWorker(ThreadPoolExecutor.java:1136)
	at java.util.concurrent.ThreadPoolExecutor$Worker.run(ThreadPoolExecutor.java:635)
	at java.lang.Thread.run(Thread.java:833)

2023.10.23 16:18:07 WARN  no build target for: D:\Software-Engineering\madn-webapp\build.sc
Okt. 23, 2023 4:22:05 PM org.eclipse.lsp4j.jsonrpc.RemoteEndpoint handleCancellation
WARNUNG: Unmatched cancel notification for request id 783
2023.10.23 16:26:29 WARN  no build target for: D:\Software-Engineering\madn-webapp\app\controllers\HomeController.scala
2023.10.23 16:46:46 INFO  Shutting down server
2023.10.23 16:46:46 INFO  shutting down Metals
2023.10.23 16:46:47 INFO  Exiting server
2023.10.23 16:47:40 INFO  Started: Metals version 1.1.0 in folders 'D:\Software-Engineering\madn-webapp' for client Visual Studio Code 1.83.1.
2023.10.23 16:47:42 WARN  Build server is not auto-connectable.
2023.10.23 16:47:42 WARN  no build target for: D:\Software-Engineering\madn-webapp\app\controllers\HomeController.scala
2023.10.23 16:47:49 INFO  no build target found for D:\Software-Engineering\madn-webapp\app\controllers\HomeController.scala. Using presentation compiler with project's scala-library version: 3.3.1
2023.10.23 16:47:53 INFO  time: code lens generation in 8.7s
2023.10.23 16:47:53 INFO  time: code lens generation in 8.66s
2023.10.23 16:48:11 INFO  time: code lens generation in 1.54s
Okt. 23, 2023 4:48:27 PM org.eclipse.lsp4j.jsonrpc.RemoteEndpoint handleCancellation
WARNUNG: Unmatched cancel notification for request id 105
2023.10.23 16:48:28 WARN  no build target for: D:\Software-Engineering\madn-webapp\app\controllers\HomeController.scala
2023.10.23 16:56:23 INFO  Shutting down server
2023.10.23 16:56:23 INFO  shutting down Metals
2023.10.23 16:56:23 INFO  Exiting server
2023.10.24 16:10:01 INFO  Started: Metals version 1.1.0 in folders 'D:\Software-Engineering\madn-webapp' for client Visual Studio Code 1.83.1.
2023.10.24 16:10:03 WARN  Build server is not auto-connectable.
2023.10.24 16:10:04 WARN  no build target for: D:\Software-Engineering\madn-webapp\app\controllers\HomeController.scala
2023.10.24 16:10:14 INFO  no build target found for D:\Software-Engineering\madn-webapp\app\controllers\HomeController.scala. Using presentation compiler with project's scala-library version: 3.3.1
2023.10.24 16:10:22 INFO  time: code lens generation in 15s
2023.10.24 16:10:22 INFO  time: code lens generation in 15s
2023.10.24 16:14:48 WARN  no build target for: D:\Software-Engineering\madn-webapp\app\controllers\HomeController.scala
2023.10.24 16:26:17 INFO  Shutting down server
2023.10.24 16:26:17 INFO  shutting down Metals
2023.10.24 16:26:17 INFO  Exiting server
2023.10.24 16:26:18 ERROR Unexpected error initializing server: 
org.eclipse.lsp4j.jsonrpc.ResponseErrorException: Request window/showMessageRequest failed with message: Canceled
	at org.eclipse.lsp4j.jsonrpc.RemoteEndpoint.handleResponse(RemoteEndpoint.java:209)
	at org.eclipse.lsp4j.jsonrpc.RemoteEndpoint.consume(RemoteEndpoint.java:193)
	at org.eclipse.lsp4j.jsonrpc.json.StreamMessageProducer.handleMessage(StreamMessageProducer.java:194)
	at org.eclipse.lsp4j.jsonrpc.json.StreamMessageProducer.listen(StreamMessageProducer.java:94)
	at org.eclipse.lsp4j.jsonrpc.json.ConcurrentMessageProcessor.run(ConcurrentMessageProcessor.java:113)
	at java.util.concurrent.Executors$RunnableAdapter.call(Executors.java:539)
	at java.util.concurrent.FutureTask.run(FutureTask.java:264)
	at java.util.concurrent.ThreadPoolExecutor.runWorker(ThreadPoolExecutor.java:1136)
	at java.util.concurrent.ThreadPoolExecutor$Worker.run(ThreadPoolExecutor.java:635)
	at java.lang.Thread.run(Thread.java:833)

2023.10.30 13:08:14 INFO  Started: Metals version 1.1.0 in folders 'D:\Software-Engineering\madn-webapp' for client Visual Studio Code 1.83.1.
2023.10.30 13:08:16 WARN  Build server is not auto-connectable.
Okt. 30, 2023 1:08:28 PM org.eclipse.lsp4j.jsonrpc.services.GenericEndpoint notify
INFORMATION: Unsupported notification method: $/setTrace
2023.10.30 13:27:00 WARN  no build target for: D:\Software-Engineering\madn-webapp\app\controllers\HomeController.scala
2023.10.30 13:27:03 INFO  no build target found for D:\Software-Engineering\madn-webapp\app\controllers\HomeController.scala. Using presentation compiler with project's scala-library version: 3.3.1
2023.10.30 13:27:06 INFO  time: code lens generation in 5.04s
2023.10.30 13:28:34 ERROR Failed to tokenize input for semantic tokens for D:\Software-Engineering\madn-webapp\app\controllers\HomeController.scala
scala.meta.tokenizers.TokenizeException: <input>:60: error: illegal character '\u00b4'
    if((controller.game.piecesOutList(playerturn) >= 1 && rolledDice == 6) || controller.game.piecesOutList(playerturn) >´´ 1) {
                                                                                                                         ^
	at scala.meta.internal.tokenizers.Reporter.syntaxError(Reporter.scala:23)
	at scala.meta.internal.tokenizers.Reporter.syntaxError$(Reporter.scala:23)
	at scala.meta.internal.tokenizers.Reporter$$anon$1.syntaxError(Reporter.scala:33)
	at scala.meta.internal.tokenizers.Reporter.syntaxError(Reporter.scala:25)
	at scala.meta.internal.tokenizers.Reporter.syntaxError$(Reporter.scala:25)
	at scala.meta.internal.tokenizers.Reporter$$anon$1.syntaxError(Reporter.scala:33)
	at scala.meta.internal.tokenizers.LegacyScanner.fetchOther$1(LegacyScanner.scala:469)
	at scala.meta.internal.tokenizers.LegacyScanner.fetchToken(LegacyScanner.scala:474)
	at scala.meta.internal.tokenizers.LegacyScanner.nextToken(LegacyScanner.scala:211)
	at scala.meta.internal.tokenizers.LegacyScanner.foreach(LegacyScanner.scala:1011)
	at scala.meta.internal.tokenizers.ScalametaTokenizer.uncachedTokenize(ScalametaTokenizer.scala:24)
	at scala.meta.internal.tokenizers.ScalametaTokenizer.$anonfun$tokenize$1(ScalametaTokenizer.scala:17)
	at scala.collection.concurrent.TrieMap.getOrElseUpdate(TrieMap.scala:962)
	at scala.meta.internal.tokenizers.ScalametaTokenizer.tokenize(ScalametaTokenizer.scala:17)
	at scala.meta.internal.tokenizers.ScalametaTokenizer$$anon$2.apply(ScalametaTokenizer.scala:332)
	at scala.meta.tokenizers.Api$XtensionTokenizeDialectInput.tokenize(Api.scala:25)
	at scala.meta.tokenizers.Api$XtensionTokenizeInputLike.tokenize(Api.scala:14)
	at scala.meta.internal.metals.SemanticTokensProvider$.getTokens(SemanticTokensProvider.scala:28)
	at scala.meta.internal.metals.SemanticTokensProvider$.provide(SemanticTokensProvider.scala:89)
	at scala.meta.internal.metals.Compilers.$anonfun$semanticTokens$3(Compilers.scala:539)
	at scala.concurrent.impl.Promise$Transformation.run(Promise.scala:467)
	at java.util.concurrent.ThreadPoolExecutor.runWorker(ThreadPoolExecutor.java:1136)
	at java.util.concurrent.ThreadPoolExecutor$Worker.run(ThreadPoolExecutor.java:635)
	at java.lang.Thread.run(Thread.java:833)

2023.10.30 13:28:59 WARN  no build target for: D:\Software-Engineering\madn-webapp\app\controllers\HomeController.scala
2023.10.30 13:30:25 INFO  Shutting down server
2023.10.30 13:30:25 INFO  shutting down Metals
2023.10.30 13:30:25 ERROR Unexpected error initializing server: 
org.eclipse.lsp4j.jsonrpc.ResponseErrorException: Request window/showMessageRequest failed with message: Canceled
	at org.eclipse.lsp4j.jsonrpc.RemoteEndpoint.handleResponse(RemoteEndpoint.java:209)
	at org.eclipse.lsp4j.jsonrpc.RemoteEndpoint.consume(RemoteEndpoint.java:193)
	at org.eclipse.lsp4j.jsonrpc.json.StreamMessageProducer.handleMessage(StreamMessageProducer.java:194)
	at org.eclipse.lsp4j.jsonrpc.json.StreamMessageProducer.listen(StreamMessageProducer.java:94)
	at org.eclipse.lsp4j.jsonrpc.json.ConcurrentMessageProcessor.run(ConcurrentMessageProcessor.java:113)
	at java.util.concurrent.Executors$RunnableAdapter.call(Executors.java:539)
	at java.util.concurrent.FutureTask.run(FutureTask.java:264)
	at java.util.concurrent.ThreadPoolExecutor.runWorker(ThreadPoolExecutor.java:1136)
	at java.util.concurrent.ThreadPoolExecutor$Worker.run(ThreadPoolExecutor.java:635)
	at java.lang.Thread.run(Thread.java:833)

2023.10.30 13:30:25 INFO  Exiting server
2023.10.30 13:33:33 INFO  Started: Metals version 1.1.0 in folders 'D:\Software-Engineering\madn-webapp' for client Visual Studio Code 1.83.1.
2023.10.30 13:33:35 WARN  Build server is not auto-connectable.
2023.10.30 13:33:35 WARN  no build target for: D:\Software-Engineering\madn-webapp\app\controllers\HomeController.scala
Okt. 30, 2023 1:33:43 PM org.eclipse.lsp4j.jsonrpc.services.GenericEndpoint notify
INFORMATION: Unsupported notification method: $/setTrace
2023.10.30 13:33:44 INFO  no build target found for D:\Software-Engineering\madn-webapp\app\controllers\HomeController.scala. Using presentation compiler with project's scala-library version: 3.3.1
2023.10.30 13:33:50 INFO  time: code lens generation in 11s
2023.10.30 13:33:50 INFO  time: code lens generation in 11s
2023.10.30 13:45:54 INFO  Shutting down server
2023.10.30 13:45:54 INFO  shutting down Metals
2023.10.30 13:45:54 INFO  Exiting server
2023.10.30 13:46:45 INFO  Started: Metals version 1.1.0 in folders 'D:\Software-Engineering\madn-webapp' for client Visual Studio Code 1.83.1.
2023.10.30 13:47:01 INFO  no build target found for D:\Software-Engineering\madn-webapp\app\controllers\HomeController.scala. Using presentation compiler with project's scala-library version: 3.3.1
Okt. 30, 2023 1:47:03 PM org.eclipse.lsp4j.jsonrpc.RemoteEndpoint handleCancellation
WARNUNG: Unmatched cancel notification for request id 2
Okt. 30, 2023 1:47:03 PM org.eclipse.lsp4j.jsonrpc.RemoteEndpoint handleCancellation
WARNUNG: Unmatched cancel notification for request id 1
2023.10.30 13:47:04 WARN  Build server is not auto-connectable.
Okt. 30, 2023 1:47:04 PM org.eclipse.lsp4j.jsonrpc.RemoteEndpoint handleCancellation
WARNUNG: Unmatched cancel notification for request id 5
Okt. 30, 2023 1:47:04 PM org.eclipse.lsp4j.jsonrpc.RemoteEndpoint handleCancellation
WARNUNG: Unmatched cancel notification for request id 8
Okt. 30, 2023 1:47:04 PM org.eclipse.lsp4j.jsonrpc.RemoteEndpoint handleCancellation
WARNUNG: Unmatched cancel notification for request id 22
2023.10.30 13:47:04 WARN  no build target for: D:\Software-Engineering\madn-webapp\app\controllers\HomeController.scala
Okt. 30, 2023 1:47:04 PM org.eclipse.lsp4j.jsonrpc.RemoteEndpoint handleCancellation
WARNUNG: Unmatched cancel notification for request id 26
Okt. 30, 2023 1:47:04 PM org.eclipse.lsp4j.jsonrpc.RemoteEndpoint handleCancellation
WARNUNG: Unmatched cancel notification for request id 29
Okt. 30, 2023 1:47:05 PM org.eclipse.lsp4j.jsonrpc.RemoteEndpoint handleCancellation
WARNUNG: Unmatched cancel notification for request id 30
Okt. 30, 2023 1:47:05 PM org.eclipse.lsp4j.jsonrpc.RemoteEndpoint handleCancellation
WARNUNG: Unmatched cancel notification for request id 33
Okt. 30, 2023 1:47:05 PM org.eclipse.lsp4j.jsonrpc.RemoteEndpoint handleCancellation
WARNUNG: Unmatched cancel notification for request id 39
2023.10.30 13:47:10 INFO  time: code lens generation in 6.46s
2023.10.30 13:47:10 INFO  time: code lens generation in 6.06s
2023.10.30 13:47:10 INFO  time: code lens generation in 5.83s
2023.10.30 13:47:10 INFO  time: code lens generation in 5.38s
2023.10.30 13:47:10 INFO  time: code lens generation in 6.46s
Okt. 30, 2023 1:47:10 PM org.eclipse.lsp4j.jsonrpc.RemoteEndpoint handleCancellation
WARNUNG: Unmatched cancel notification for request id 53
Okt. 30, 2023 1:47:10 PM org.eclipse.lsp4j.jsonrpc.RemoteEndpoint handleCancellation
WARNUNG: Unmatched cancel notification for request id 41
Okt. 30, 2023 1:47:11 PM org.eclipse.lsp4j.jsonrpc.RemoteEndpoint handleCancellation
WARNUNG: Unmatched cancel notification for request id 56
Okt. 30, 2023 1:47:11 PM org.eclipse.lsp4j.jsonrpc.RemoteEndpoint handleCancellation
WARNUNG: Unmatched cancel notification for request id 58
Okt. 30, 2023 1:47:16 PM org.eclipse.lsp4j.jsonrpc.RemoteEndpoint handleCancellation
WARNUNG: Unmatched cancel notification for request id 81
2023.10.30 13:47:50 WARN  no build target for: D:\Software-Engineering\madn-webapp\app\controllers\HomeController.scala
2023.10.30 13:47:56 WARN  Using indexes to guess the definition of rolledDice
2023.10.30 13:47:56 WARN  Using indexes to guess the definition of rolledDice
2023.10.30 13:47:56 WARN  no build target for: D:\Software-Engineering\madn-webapp\app\controllers\HomeController.scala
2023.10.30 13:48:01 WARN  no build target for: D:\Software-Engineering\madn-webapp\app\controllers\HomeController.scala
2023.10.30 13:48:10 WARN  Using indexes to guess the definition of getPlayerturn
2023.10.30 13:48:10 WARN  no build target for: D:\Software-Engineering\madn-webapp\app\controllers\HomeController.scala
Okt. 30, 2023 1:50:03 PM org.eclipse.lsp4j.jsonrpc.RemoteEndpoint handleCancellation
WARNUNG: Unmatched cancel notification for request id 212
2023.10.30 13:50:44 WARN  no build target for: D:\Software-Engineering\madn-webapp\app\controllers\HomeController.scala
2023.10.30 13:55:08 WARN  no build target for: D:\Software-Engineering\madn-webapp\app\controllers\HomeController.scala
2023.10.30 13:57:00 WARN  no build target for: D:\Software-Engineering\madn-webapp\app\controllers\HomeController.scala
2023.10.30 13:59:12 WARN  no build target for: D:\Software-Engineering\madn-webapp\app\controllers\HomeController.scala
2023.10.30 13:59:27 WARN  no build target for: D:\Software-Engineering\madn-webapp\app\controllers\HomeController.scala
2023.10.30 14:00:13 WARN  no build target for: D:\Software-Engineering\madn-webapp\app\controllers\HomeController.scala
2023.10.30 14:00:20 WARN  no build target for: D:\Software-Engineering\madn-webapp\app\controllers\HomeController.scala
Okt. 30, 2023 2:01:23 PM org.eclipse.lsp4j.jsonrpc.services.GenericEndpoint notify
INFORMATION: Unsupported notification method: $/setTrace
2023.10.30 14:06:05 INFO  Shutting down server
2023.10.30 14:06:05 INFO  shutting down Metals
2023.10.30 14:06:05 INFO  Exiting server
2023.10.30 14:06:29 INFO  Started: Metals version 1.1.0 in folders 'D:\Software-Engineering\madn-webapp' for client Visual Studio Code 1.83.1.
2023.10.30 14:06:31 WARN  Build server is not auto-connectable.
2023.10.30 14:06:31 WARN  no build target for: D:\Software-Engineering\madn-webapp\app\controllers\HomeController.scala
2023.10.30 14:06:39 INFO  no build target found for D:\Software-Engineering\madn-webapp\app\controllers\HomeController.scala. Using presentation compiler with project's scala-library version: 3.3.1
2023.10.30 14:06:44 INFO  time: code lens generation in 10s
2023.10.30 14:06:44 INFO  time: code lens generation in 10s
Okt. 30, 2023 2:27:59 PM org.eclipse.lsp4j.jsonrpc.services.GenericEndpoint notify
INFORMATION: Unsupported notification method: $/setTrace
2023.10.30 14:29:39 WARN  no build target for: D:\Software-Engineering\madn-webapp\app\controllers\HomeController.scala
2023.10.30 14:35:48 WARN  no build target for: D:\Software-Engineering\madn-webapp\app\controllers\HomeController.scala
Okt. 30, 2023 2:36:01 PM org.eclipse.lsp4j.jsonrpc.RemoteEndpoint handleCancellation
WARNUNG: Unmatched cancel notification for request id 400
2023.10.30 14:36:03 WARN  no build target for: D:\Software-Engineering\madn-webapp\app\controllers\HomeController.scala
2023.10.30 14:36:53 WARN  no build target for: D:\Software-Engineering\madn-webapp\app\controllers\HomeController.scala
Okt. 30, 2023 2:38:08 PM org.eclipse.lsp4j.jsonrpc.RemoteEndpoint handleCancellation
WARNUNG: Unmatched cancel notification for request id 483
2023.10.30 14:41:10 ERROR Failed to tokenize input for semantic tokens for D:\Software-Engineering\madn-webapp\app\controllers\HomeController.scala
scala.meta.tokenizers.TokenizeException: <input>:65: error: unclosed string literal
      println(playerturn + "controller.game.piecesOutList(playerturn))
                           ^
	at scala.meta.internal.tokenizers.Reporter.syntaxError(Reporter.scala:23)
	at scala.meta.internal.tokenizers.Reporter.syntaxError$(Reporter.scala:23)
	at scala.meta.internal.tokenizers.Reporter$$anon$1.syntaxError(Reporter.scala:33)
	at scala.meta.internal.tokenizers.Reporter.syntaxError(Reporter.scala:25)
	at scala.meta.internal.tokenizers.Reporter.syntaxError$(Reporter.scala:25)
	at scala.meta.internal.tokenizers.Reporter$$anon$1.syntaxError(Reporter.scala:33)
	at scala.meta.internal.tokenizers.LegacyScanner.getStringLit(LegacyScanner.scala:553)
	at scala.meta.internal.tokenizers.LegacyScanner.fetchDoubleQuote$1(LegacyScanner.scala:372)
	at scala.meta.internal.tokenizers.LegacyScanner.fetchToken(LegacyScanner.scala:376)
	at scala.meta.internal.tokenizers.LegacyScanner.nextToken(LegacyScanner.scala:211)
	at scala.meta.internal.tokenizers.LegacyScanner.foreach(LegacyScanner.scala:1011)
	at scala.meta.internal.tokenizers.ScalametaTokenizer.uncachedTokenize(ScalametaTokenizer.scala:24)
	at scala.meta.internal.tokenizers.ScalametaTokenizer.$anonfun$tokenize$1(ScalametaTokenizer.scala:17)
	at scala.collection.concurrent.TrieMap.getOrElseUpdate(TrieMap.scala:962)
	at scala.meta.internal.tokenizers.ScalametaTokenizer.tokenize(ScalametaTokenizer.scala:17)
	at scala.meta.internal.tokenizers.ScalametaTokenizer$$anon$2.apply(ScalametaTokenizer.scala:332)
	at scala.meta.tokenizers.Api$XtensionTokenizeDialectInput.tokenize(Api.scala:25)
	at scala.meta.tokenizers.Api$XtensionTokenizeInputLike.tokenize(Api.scala:14)
	at scala.meta.internal.metals.SemanticTokensProvider$.getTokens(SemanticTokensProvider.scala:28)
	at scala.meta.internal.metals.SemanticTokensProvider$.provide(SemanticTokensProvider.scala:89)
	at scala.meta.internal.metals.Compilers.$anonfun$semanticTokens$3(Compilers.scala:539)
	at scala.concurrent.impl.Promise$Transformation.run(Promise.scala:467)
	at java.util.concurrent.ThreadPoolExecutor.runWorker(ThreadPoolExecutor.java:1136)
	at java.util.concurrent.ThreadPoolExecutor$Worker.run(ThreadPoolExecutor.java:635)
	at java.lang.Thread.run(Thread.java:833)

2023.10.30 14:41:14 WARN  no build target for: D:\Software-Engineering\madn-webapp\app\controllers\HomeController.scala
2023.10.30 14:41:14 WARN  Using indexes to guess the definition of rolledDice
2023.10.30 14:41:14 WARN  no build target for: D:\Software-Engineering\madn-webapp\app\controllers\HomeController.scala
2023.10.30 14:41:52 WARN  Using indexes to guess the definition of getPlayerturnAsChar
Okt. 30, 2023 2:41:52 PM org.eclipse.lsp4j.jsonrpc.RemoteEndpoint handleCancellation
WARNUNG: Unmatched cancel notification for request id 607
2023.10.30 14:41:52 WARN  Using indexes to guess the definition of rolledDice
2023.10.30 14:50:30 WARN  no build target for: D:\Software-Engineering\madn-webapp\app\controllers\HomeController.scala
2023.10.30 17:39:12 INFO  Shutting down server
2023.10.30 17:39:12 INFO  shutting down Metals
2023.10.30 17:39:12 INFO  Exiting server
2023.10.30 17:39:13 ERROR Unexpected error initializing server: 
org.eclipse.lsp4j.jsonrpc.ResponseErrorException: Request window/showMessageRequest failed with message: Canceled
	at org.eclipse.lsp4j.jsonrpc.RemoteEndpoint.handleResponse(RemoteEndpoint.java:209)
	at org.eclipse.lsp4j.jsonrpc.RemoteEndpoint.consume(RemoteEndpoint.java:193)
	at org.eclipse.lsp4j.jsonrpc.json.StreamMessageProducer.handleMessage(StreamMessageProducer.java:194)
	at org.eclipse.lsp4j.jsonrpc.json.StreamMessageProducer.listen(StreamMessageProducer.java:94)
	at org.eclipse.lsp4j.jsonrpc.json.ConcurrentMessageProcessor.run(ConcurrentMessageProcessor.java:113)
	at java.util.concurrent.Executors$RunnableAdapter.call(Executors.java:539)
	at java.util.concurrent.FutureTask.run(FutureTask.java:264)
	at java.util.concurrent.ThreadPoolExecutor.runWorker(ThreadPoolExecutor.java:1136)
	at java.util.concurrent.ThreadPoolExecutor$Worker.run(ThreadPoolExecutor.java:635)
	at java.lang.Thread.run(Thread.java:833)

2023.10.31 09:48:59 INFO  Started: Metals version 1.1.0 in folders 'D:\Software-Engineering\madn-webapp' for client Visual Studio Code 1.83.1.
2023.10.31 09:49:07 ERROR Unexpected error initializing server: 
scala.concurrent.Future$$anon$2: Future.filter predicate is not satisfied

2023.10.31 09:49:22 INFO  no build target found for D:\Software-Engineering\madn-webapp\app\controllers\HomeController.scala. Using presentation compiler with project's scala-library version: 3.3.1
2023.10.31 10:18:12 INFO  Shutting down server
2023.10.31 10:18:12 INFO  shutting down Metals
2023.10.31 10:18:12 INFO  Exiting server
2023.11.11 13:03:20 INFO  Started: Metals version 1.1.0 in folders 'D:\Software-Engineering\madn-webapp' for client Visual Studio Code 1.84.0.
2023.11.11 13:03:22 ERROR Unexpected error initializing server: 
scala.concurrent.Future$$anon$2: Future.filter predicate is not satisfied

2023.11.11 13:17:50 INFO  no build target found for D:\Software-Engineering\madn-webapp\app\controllers\HomeController.scala. Using presentation compiler with project's scala-library version: 3.3.1
Nov. 11, 2023 2:00:32 PM org.eclipse.lsp4j.jsonrpc.services.GenericEndpoint notify
INFORMATION: Unsupported notification method: $/setTrace
2023.11.11 14:28:17 INFO  Shutting down server
2023.11.11 14:28:17 INFO  shutting down Metals
2023.11.11 14:28:17 INFO  Exiting server
2023.11.12 16:03:59 INFO  Started: Metals version 1.1.0 in folders 'D:\Software-Engineering\madn-webapp' for client Visual Studio Code 1.84.2.
2023.11.12 16:04:00 ERROR Unexpected error initializing server: 
scala.concurrent.Future$$anon$2: Future.filter predicate is not satisfied

Nov. 12, 2023 4:05:44 PM org.eclipse.lsp4j.jsonrpc.services.GenericEndpoint notify
INFORMATION: Unsupported notification method: $/setTrace
